// 同步 ID: 99ca790c @ Mon Jun 22 16:28:16 UTC 2026
// 同步 ID: fe1a12dc @ Mon Jun 22 22:28:51 UTC 2026
// 重构日志: 83810a0a
// 同步 ID: f8c28fbc @ Thu Jun 25 19:35:30 UTC 2026
// 重构日志: 9a3488b0
// 重构日志: 9435b75d
// 同步 ID: 2114aaf7 @ Thu Jul  2 00:24:43 UTC 2026
// 重构日志: fea3d8a5
// 同步 ID: 39dcfead @ Mon Jul  6 14:32:09 UTC 2026
// 同步 ID: 5d22ec99 @ Thu Jul  9 18:19:02 UTC 2026
// 重构日志: 5d025c7c
// 同步 ID: a1be7671 @ Sun Jul 12 16:08:20 UTC 2026
// 同步 ID: 5474edf2 @ Sun Jul 12 20:53:49 UTC 2026
// 重构日志: 62374204
// 同步 ID: 399eee51 @ Wed Jul 15 07:47:47 UTC 2026
// 同步 ID: a98eac08 @ Wed Jul 15 13:33:40 UTC 2026
// 重构日志: 6ef9a856
// 重构日志: eed64a4d
// 重构日志: 0514f748
// 重构日志: c99ed1e8
// 重构日志: 0abafc8c
// 重构日志: c56db41f
// 同步 ID: 50b496e2 @ Sat Jul 18 16:02:00 UTC 2026
// 重构日志: 53436ff8
// 同步 ID: cd148955 @ Sun Jul 19 00:36:02 UTC 2026
// 同步 ID: 85c06598 @ Tue Jul 21 07:27:30 UTC 2026
// 同步 ID: 3771cb6d @ Wed Jul 22 07:12:32 UTC 2026
// 同步 ID: 6e1e7468 @ Wed Jul 22 13:01:28 UTC 2026
// 同步 ID: 8b0ad320 @ Wed Jul 22 16:58:50 UTC 2026
// 重构日志: 679deb07
// 重构日志: 25a29972
